{"/Users/glauciellec/Github/staff-table/src/js/services.js": {"path":"/Users/glauciellec/Github/staff-table/src/js/services.js","all":false,"statementMap":{"0":{"start":{"line":1,"column":0},"end":{"line":1,"column":25}},"1":{"start":{"line":2,"column":0},"end":{"line":2,"column":0}},"2":{"start":{"line":3,"column":0},"end":{"line":3,"column":15}},"3":{"start":{"line":4,"column":0},"end":{"line":4,"column":0}},"4":{"start":{"line":5,"column":0},"end":{"line":5,"column":33}},"5":{"start":{"line":6,"column":0},"end":{"line":6,"column":22}},"6":{"start":{"line":7,"column":0},"end":{"line":7,"column":15}},"7":{"start":{"line":8,"column":0},"end":{"line":8,"column":100}},"8":{"start":{"line":9,"column":0},"end":{"line":9,"column":9}},"9":{"start":{"line":10,"column":0},"end":{"line":10,"column":43}},"10":{"start":{"line":11,"column":0},"end":{"line":11,"column":26}},"11":{"start":{"line":12,"column":0},"end":{"line":12,"column":21}},"12":{"start":{"line":13,"column":0},"end":{"line":13,"column":26}},"13":{"start":{"line":14,"column":0},"end":{"line":14,"column":5}},"14":{"start":{"line":15,"column":0},"end":{"line":15,"column":3}},"15":{"start":{"line":16,"column":0},"end":{"line":16,"column":13}},"16":{"start":{"line":17,"column":0},"end":{"line":17,"column":1}}},"s":{"0":1,"1":1,"2":1,"3":1,"4":1,"5":4,"6":3,"7":3,"8":3,"9":3,"10":3,"11":3,"12":1,"13":1,"14":3,"15":4,"16":4},"branchMap":{"0":{"type":"branch","line":5,"loc":{"start":{"line":5,"column":7},"end":{"line":17,"column":1}},"locations":[{"start":{"line":5,"column":7},"end":{"line":17,"column":1}}]},"1":{"type":"branch","line":6,"loc":{"start":{"line":6,"column":21},"end":{"line":15,"column":3}},"locations":[{"start":{"line":6,"column":21},"end":{"line":15,"column":3}}]},"2":{"type":"branch","line":12,"loc":{"start":{"line":12,"column":6},"end":{"line":14,"column":5}},"locations":[{"start":{"line":12,"column":6},"end":{"line":14,"column":5}}]}},"b":{"0":[4],"1":[3],"2":[1]},"fnMap":{"0":{"name":"getData","decl":{"start":{"line":5,"column":7},"end":{"line":17,"column":1}},"loc":{"start":{"line":5,"column":7},"end":{"line":17,"column":1}},"line":5}},"f":{"0":4}}
}
